2022-11-18 12:28:37 [restartedMain] INFO  : Starting OrderServiceApplication using Java 17.0.5 on PRASHANTs-MacBook-Air.local with PID 3696 (/Users/prashant/Downloads/microservice/order-service/target/classes started by prashant in /Users/prashant/Downloads/microservice/order-service)
2022-11-18 12:28:37 [restartedMain] INFO  : No active profile set, falling back to 1 default profile: "default"
2022-11-18 12:28:38 [restartedMain] INFO  : Fetching config from server at : http://localhost:9098
2022-11-18 12:28:38 [restartedMain] INFO  : Located environment: name=order-service, profiles=[default], label=null, version=03876a21e19a23a27f37695664c63a4cd584b9f1, state=null
2022-11-18 12:28:38 [restartedMain] INFO  : Devtools property defaults active! Set 'spring.devtools.add-properties' to 'false' to disable
2022-11-18 12:28:38 [restartedMain] INFO  : For additional web related logging consider setting the 'logging.level.web' property to 'DEBUG'
2022-11-18 12:28:38 [restartedMain] INFO  : Bootstrapping Spring Data JPA repositories in DEFAULT mode.
2022-11-18 12:28:38 [restartedMain] INFO  : Finished Spring Data repository scanning in 59 ms. Found 1 JPA repository interfaces.
2022-11-18 12:28:38 [restartedMain] INFO  : BeanFactory id=ba05fa8f-a3da-3d95-88c0-2e9f7fc7f000
2022-11-18 12:28:38 [restartedMain] INFO  : Tomcat initialized with port(s): 8080 (http)
2022-11-18 12:28:38 [restartedMain] INFO  : Initializing ProtocolHandler ["http-nio-8080"]
2022-11-18 12:28:38 [restartedMain] INFO  : Starting service [Tomcat]
2022-11-18 12:28:38 [restartedMain] INFO  : Starting Servlet engine: [Apache Tomcat/9.0.68]
2022-11-18 12:28:38 [restartedMain] INFO  : Initializing Spring embedded WebApplicationContext
2022-11-18 12:28:38 [restartedMain] INFO  : Root WebApplicationContext: initialization completed in 910 ms
2022-11-18 12:28:39 [restartedMain] INFO  : HHH000204: Processing PersistenceUnitInfo [name: default]
2022-11-18 12:28:39 [restartedMain] INFO  : HHH000412: Hibernate ORM core version 5.6.12.Final
2022-11-18 12:28:39 [restartedMain] INFO  : HCANN000001: Hibernate Commons Annotations {5.1.2.Final}
2022-11-18 12:28:39 [restartedMain] INFO  : HikariPool-1 - Starting...
2022-11-18 12:28:39 [restartedMain] INFO  : HikariPool-1 - Start completed.
2022-11-18 12:28:39 [restartedMain] INFO  : HHH000400: Using dialect: org.hibernate.dialect.MySQL5InnoDBDialect
2022-11-18 12:28:39 [restartedMain] INFO  : HHH000490: Using JtaPlatform implementation: [org.hibernate.engine.transaction.jta.platform.internal.NoJtaPlatform]
2022-11-18 12:28:39 [restartedMain] INFO  : Initialized JPA EntityManagerFactory for persistence unit 'default'
2022-11-18 12:28:39 [restartedMain] WARN  : spring.jpa.open-in-view is enabled by default. Therefore, database queries may be performed during view rendering. Explicitly configure spring.jpa.open-in-view to disable this warning
2022-11-18 12:28:39 [restartedMain] INFO  : LiveReload server is running on port 35729
2022-11-18 12:28:39 [restartedMain] INFO  : Eureka HTTP Client uses RestTemplate.
2022-11-18 12:28:39 [restartedMain] WARN  : Spring Cloud LoadBalancer is currently working with the default cache. While this cache implementation is useful for development and tests, it's recommended to use Caffeine cache in production.You can switch to using Caffeine cache, by adding it and org.springframework.cache.caffeine.CaffeineCacheManager to the classpath.
2022-11-18 12:28:39 [restartedMain] INFO  : Setting initial instance status as: STARTING
2022-11-18 12:28:40 [restartedMain] INFO  : Initializing Eureka in region us-east-1
2022-11-18 12:28:40 [restartedMain] INFO  : Resolving eureka endpoints via configuration
2022-11-18 12:28:40 [restartedMain] INFO  : Disable delta property : false
2022-11-18 12:28:40 [restartedMain] INFO  : Single vip registry refresh property : null
2022-11-18 12:28:40 [restartedMain] INFO  : Force full registry fetch : false
2022-11-18 12:28:40 [restartedMain] INFO  : Application is null : false
2022-11-18 12:28:40 [restartedMain] INFO  : Registered Applications size is zero : true
2022-11-18 12:28:40 [restartedMain] INFO  : Application version is -1: true
2022-11-18 12:28:40 [restartedMain] INFO  : Getting all instance registry info from the eureka server
2022-11-18 12:28:40 [restartedMain] INFO  : The response status is 200
2022-11-18 12:28:40 [restartedMain] INFO  : Starting heartbeat executor: renew interval is: 30
2022-11-18 12:28:40 [restartedMain] INFO  : InstanceInfoReplicator onDemand update allowed rate per min is 4
2022-11-18 12:28:40 [restartedMain] INFO  : Discovery Client initialized at timestamp 1668754720118 with initial instances count: 4
2022-11-18 12:28:40 [restartedMain] INFO  : Registering application ORDER-SERVICE with eureka with status UP
2022-11-18 12:28:40 [restartedMain] INFO  : Saw local status change event StatusChangeEvent [timestamp=1668754720120, current=UP, previous=STARTING]
2022-11-18 12:28:40 [DiscoveryClient-InstanceInfoReplicator-0] INFO  : DiscoveryClient_ORDER-SERVICE/192.168.29.38:order-service:8080: registering service...
2022-11-18 12:28:40 [restartedMain] INFO  : Starting ProtocolHandler ["http-nio-8080"]
2022-11-18 12:28:40 [restartedMain] INFO  : Tomcat started on port(s): 8080 (http) with context path ''
2022-11-18 12:28:40 [restartedMain] INFO  : Updating port to 8080
2022-11-18 12:28:40 [DiscoveryClient-InstanceInfoReplicator-0] INFO  : DiscoveryClient_ORDER-SERVICE/192.168.29.38:order-service:8080 - registration status: 204
2022-11-18 12:28:40 [restartedMain] INFO  : Started OrderServiceApplication in 3.381 seconds (JVM running for 3.938)
2022-11-18 12:28:44 [http-nio-8080-exec-1] INFO  : Initializing Spring DispatcherServlet 'dispatcherServlet'
2022-11-18 12:28:44 [http-nio-8080-exec-1] INFO  : Initializing Servlet 'dispatcherServlet'
2022-11-18 12:28:44 [http-nio-8080-exec-1] INFO  : Completed initialization in 1 ms
2022-11-18 12:28:44 [http-nio-8080-exec-1] INFO  : Inside orderByProductId 5
2022-11-18 12:28:44 [http-nio-8080-exec-1] INFO  : Inside orderByProductId {}Product(pid=5, name=macbok m4, description=It is the best ., amount=8003, qty=21000)
2022-11-18 12:28:44 [http-nio-8080-exec-1] ERROR : throw exception
2022-11-18 12:29:37 [File Watcher] INFO  : Restarting due to 2 class path changes (2 additions, 0 deletions, 0 modifications)
2022-11-18 12:29:37 [Thread-6] INFO  : Unregistering application ORDER-SERVICE with eureka with status DOWN
2022-11-18 12:29:37 [Thread-6] INFO  : Saw local status change event StatusChangeEvent [timestamp=1668754777892, current=DOWN, previous=UP]
2022-11-18 12:29:37 [DiscoveryClient-InstanceInfoReplicator-0] INFO  : DiscoveryClient_ORDER-SERVICE/192.168.29.38:order-service:8080: registering service...
2022-11-18 12:29:37 [Thread-6] INFO  : Pausing ProtocolHandler ["http-nio-8080"]
2022-11-18 12:29:37 [Thread-6] INFO  : Stopping service [Tomcat]
2022-11-18 12:29:37 [Thread-6] INFO  : Destroying Spring FrameworkServlet 'dispatcherServlet'
2022-11-18 12:29:37 [DiscoveryClient-InstanceInfoReplicator-0] INFO  : DiscoveryClient_ORDER-SERVICE/192.168.29.38:order-service:8080 - registration status: 204
2022-11-18 12:29:37 [Thread-6] WARN  : The web application [ROOT] appears to have started a thread named [boundedElastic-evictor-1] but has failed to stop it. This is very likely to create a memory leak. Stack trace of thread:
 java.base@17.0.5/jdk.internal.misc.Unsafe.park(Native Method)
 java.base@17.0.5/java.util.concurrent.locks.LockSupport.parkNanos(LockSupport.java:252)
 java.base@17.0.5/java.util.concurrent.locks.AbstractQueuedSynchronizer$ConditionObject.awaitNanos(AbstractQueuedSynchronizer.java:1672)
 java.base@17.0.5/java.util.concurrent.ScheduledThreadPoolExecutor$DelayedWorkQueue.take(ScheduledThreadPoolExecutor.java:1182)
 java.base@17.0.5/java.util.concurrent.ScheduledThreadPoolExecutor$DelayedWorkQueue.take(ScheduledThreadPoolExecutor.java:899)
 java.base@17.0.5/java.util.concurrent.ThreadPoolExecutor.getTask(ThreadPoolExecutor.java:1062)
 java.base@17.0.5/java.util.concurrent.ThreadPoolExecutor.runWorker(ThreadPoolExecutor.java:1122)
 java.base@17.0.5/java.util.concurrent.ThreadPoolExecutor$Worker.run(ThreadPoolExecutor.java:635)
 java.base@17.0.5/java.lang.Thread.run(Thread.java:833)
2022-11-18 12:29:37 [Thread-6] WARN  : The web application [ROOT] appears to have started a thread named [boundedElastic-1] but has failed to stop it. This is very likely to create a memory leak. Stack trace of thread:
 java.base@17.0.5/jdk.internal.misc.Unsafe.park(Native Method)
 java.base@17.0.5/java.util.concurrent.locks.LockSupport.park(LockSupport.java:341)
 java.base@17.0.5/java.util.concurrent.locks.AbstractQueuedSynchronizer$ConditionNode.block(AbstractQueuedSynchronizer.java:506)
 java.base@17.0.5/java.util.concurrent.ForkJoinPool.unmanagedBlock(ForkJoinPool.java:3463)
 java.base@17.0.5/java.util.concurrent.ForkJoinPool.managedBlock(ForkJoinPool.java:3434)
 java.base@17.0.5/java.util.concurrent.locks.AbstractQueuedSynchronizer$ConditionObject.await(AbstractQueuedSynchronizer.java:1623)
 java.base@17.0.5/java.util.concurrent.ScheduledThreadPoolExecutor$DelayedWorkQueue.take(ScheduledThreadPoolExecutor.java:1170)
 java.base@17.0.5/java.util.concurrent.ScheduledThreadPoolExecutor$DelayedWorkQueue.take(ScheduledThreadPoolExecutor.java:899)
 java.base@17.0.5/java.util.concurrent.ThreadPoolExecutor.getTask(ThreadPoolExecutor.java:1062)
 java.base@17.0.5/java.util.concurrent.ThreadPoolExecutor.runWorker(ThreadPoolExecutor.java:1122)
 java.base@17.0.5/java.util.concurrent.ThreadPoolExecutor$Worker.run(ThreadPoolExecutor.java:635)
 java.base@17.0.5/java.lang.Thread.run(Thread.java:833)
2022-11-18 12:29:37 [Thread-6] WARN  : The web application [ROOT] appears to have started a thread named [pool-10-thread-1] but has failed to stop it. This is very likely to create a memory leak. Stack trace of thread:
 java.base@17.0.5/jdk.internal.misc.Unsafe.park(Native Method)
 java.base@17.0.5/java.util.concurrent.locks.LockSupport.park(LockSupport.java:341)
 java.base@17.0.5/java.util.concurrent.locks.AbstractQueuedSynchronizer$ConditionNode.block(AbstractQueuedSynchronizer.java:506)
 java.base@17.0.5/java.util.concurrent.ForkJoinPool.unmanagedBlock(ForkJoinPool.java:3463)
 java.base@17.0.5/java.util.concurrent.ForkJoinPool.managedBlock(ForkJoinPool.java:3434)
 java.base@17.0.5/java.util.concurrent.locks.AbstractQueuedSynchronizer$ConditionObject.await(AbstractQueuedSynchronizer.java:1623)
 java.base@17.0.5/java.util.concurrent.ScheduledThreadPoolExecutor$DelayedWorkQueue.take(ScheduledThreadPoolExecutor.java:1170)
 java.base@17.0.5/java.util.concurrent.ScheduledThreadPoolExecutor$DelayedWorkQueue.take(ScheduledThreadPoolExecutor.java:899)
 java.base@17.0.5/java.util.concurrent.ThreadPoolExecutor.getTask(ThreadPoolExecutor.java:1062)
 java.base@17.0.5/java.util.concurrent.ThreadPoolExecutor.runWorker(ThreadPoolExecutor.java:1122)
 java.base@17.0.5/java.util.concurrent.ThreadPoolExecutor$Worker.run(ThreadPoolExecutor.java:635)
 java.base@17.0.5/java.lang.Thread.run(Thread.java:833)
2022-11-18 12:29:37 [Thread-6] INFO  : Stopping ProtocolHandler ["http-nio-8080"]
2022-11-18 12:29:37 [Thread-6] INFO  : Destroying ProtocolHandler ["http-nio-8080"]
2022-11-18 12:29:37 [Thread-6] INFO  : Closing JPA EntityManagerFactory for persistence unit 'default'
2022-11-18 12:29:37 [Thread-6] INFO  : HikariPool-1 - Shutdown initiated...
2022-11-18 12:29:37 [Thread-6] INFO  : HikariPool-1 - Shutdown completed.
2022-11-18 12:29:37 [Thread-6] INFO  : Shutting down DiscoveryClient ...
2022-11-18 12:29:40 [DiscoveryClient-0] WARN  : task supervisor shutting down, can't accept the task
2022-11-18 12:29:40 [Thread-6] INFO  : Unregistering ...
2022-11-18 12:29:40 [Thread-6] INFO  : DiscoveryClient_ORDER-SERVICE/192.168.29.38:order-service:8080 - deregister  status: 200
2022-11-18 12:29:40 [Thread-6] INFO  : Completed shut down of DiscoveryClient
2022-11-18 12:29:41 [restartedMain] INFO  : Starting OrderServiceApplication using Java 17.0.5 on PRASHANTs-MacBook-Air.local with PID 3696 (/Users/prashant/Downloads/microservice/order-service/target/classes started by prashant in /Users/prashant/Downloads/microservice/order-service)
2022-11-18 12:29:41 [restartedMain] INFO  : No active profile set, falling back to 1 default profile: "default"
2022-11-18 12:29:41 [restartedMain] INFO  : Fetching config from server at : http://localhost:9098
2022-11-18 12:29:41 [restartedMain] INFO  : Located environment: name=order-service, profiles=[default], label=null, version=03876a21e19a23a27f37695664c63a4cd584b9f1, state=null
2022-11-18 12:29:41 [restartedMain] INFO  : Bootstrapping Spring Data JPA repositories in DEFAULT mode.
2022-11-18 12:29:41 [restartedMain] INFO  : Finished Spring Data repository scanning in 3 ms. Found 1 JPA repository interfaces.
2022-11-18 12:29:41 [restartedMain] INFO  : BeanFactory id=ba05fa8f-a3da-3d95-88c0-2e9f7fc7f000
2022-11-18 12:29:41 [restartedMain] INFO  : Tomcat initialized with port(s): 8080 (http)
2022-11-18 12:29:41 [restartedMain] INFO  : Initializing ProtocolHandler ["http-nio-8080"]
2022-11-18 12:29:41 [restartedMain] INFO  : Starting service [Tomcat]
2022-11-18 12:29:41 [restartedMain] INFO  : Starting Servlet engine: [Apache Tomcat/9.0.68]
2022-11-18 12:29:41 [restartedMain] INFO  : Initializing Spring embedded WebApplicationContext
2022-11-18 12:29:41 [restartedMain] INFO  : Root WebApplicationContext: initialization completed in 147 ms
2022-11-18 12:29:41 [restartedMain] INFO  : HHH000204: Processing PersistenceUnitInfo [name: default]
2022-11-18 12:29:41 [restartedMain] INFO  : HikariPool-2 - Starting...
2022-11-18 12:29:41 [restartedMain] INFO  : HikariPool-2 - Start completed.
2022-11-18 12:29:41 [restartedMain] INFO  : HHH000400: Using dialect: org.hibernate.dialect.MySQL5InnoDBDialect
2022-11-18 12:29:41 [restartedMain] INFO  : HHH000490: Using JtaPlatform implementation: [org.hibernate.engine.transaction.jta.platform.internal.NoJtaPlatform]
2022-11-18 12:29:41 [restartedMain] INFO  : Initialized JPA EntityManagerFactory for persistence unit 'default'
2022-11-18 12:29:41 [restartedMain] WARN  : spring.jpa.open-in-view is enabled by default. Therefore, database queries may be performed during view rendering. Explicitly configure spring.jpa.open-in-view to disable this warning
2022-11-18 12:29:41 [restartedMain] INFO  : LiveReload server is running on port 35729
2022-11-18 12:29:41 [restartedMain] INFO  : Eureka HTTP Client uses RestTemplate.
2022-11-18 12:29:41 [restartedMain] WARN  : Spring Cloud LoadBalancer is currently working with the default cache. While this cache implementation is useful for development and tests, it's recommended to use Caffeine cache in production.You can switch to using Caffeine cache, by adding it and org.springframework.cache.caffeine.CaffeineCacheManager to the classpath.
2022-11-18 12:29:41 [restartedMain] INFO  : Setting initial instance status as: STARTING
2022-11-18 12:29:41 [restartedMain] INFO  : Initializing Eureka in region us-east-1
2022-11-18 12:29:41 [restartedMain] INFO  : Resolving eureka endpoints via configuration
2022-11-18 12:29:41 [restartedMain] INFO  : Disable delta property : false
2022-11-18 12:29:41 [restartedMain] INFO  : Single vip registry refresh property : null
2022-11-18 12:29:41 [restartedMain] INFO  : Force full registry fetch : false
2022-11-18 12:29:41 [restartedMain] INFO  : Application is null : false
2022-11-18 12:29:41 [restartedMain] INFO  : Registered Applications size is zero : true
2022-11-18 12:29:41 [restartedMain] INFO  : Application version is -1: true
2022-11-18 12:29:41 [restartedMain] INFO  : Getting all instance registry info from the eureka server
2022-11-18 12:29:41 [restartedMain] INFO  : The response status is 200
2022-11-18 12:29:41 [restartedMain] INFO  : Starting heartbeat executor: renew interval is: 30
2022-11-18 12:29:41 [restartedMain] INFO  : InstanceInfoReplicator onDemand update allowed rate per min is 4
2022-11-18 12:29:41 [restartedMain] INFO  : Discovery Client initialized at timestamp 1668754781788 with initial instances count: 4
2022-11-18 12:29:41 [restartedMain] INFO  : Registering application ORDER-SERVICE with eureka with status UP
2022-11-18 12:29:41 [restartedMain] INFO  : Saw local status change event StatusChangeEvent [timestamp=1668754781789, current=UP, previous=STARTING]
2022-11-18 12:29:41 [DiscoveryClient-InstanceInfoReplicator-0] INFO  : DiscoveryClient_ORDER-SERVICE/192.168.29.38:order-service:8080: registering service...
2022-11-18 12:29:41 [restartedMain] INFO  : Starting ProtocolHandler ["http-nio-8080"]
2022-11-18 12:29:41 [restartedMain] INFO  : Tomcat started on port(s): 8080 (http) with context path ''
2022-11-18 12:29:41 [restartedMain] INFO  : Updating port to 8080
2022-11-18 12:29:41 [DiscoveryClient-InstanceInfoReplicator-0] INFO  : DiscoveryClient_ORDER-SERVICE/192.168.29.38:order-service:8080 - registration status: 204
2022-11-18 12:29:41 [restartedMain] INFO  : Started OrderServiceApplication in 0.771 seconds (JVM running for 65.588)
2022-11-18 12:29:41 [restartedMain] INFO  : Condition evaluation unchanged
2022-11-18 12:29:43 [File Watcher] INFO  : Restarting due to 2 class path changes (1 addition, 0 deletions, 1 modification)
2022-11-18 12:29:43 [Thread-9] INFO  : Unregistering application ORDER-SERVICE with eureka with status DOWN
2022-11-18 12:29:43 [Thread-9] INFO  : Saw local status change event StatusChangeEvent [timestamp=1668754783161, current=DOWN, previous=UP]
2022-11-18 12:29:43 [DiscoveryClient-InstanceInfoReplicator-0] INFO  : DiscoveryClient_ORDER-SERVICE/192.168.29.38:order-service:8080: registering service...
2022-11-18 12:29:43 [Thread-9] INFO  : Pausing ProtocolHandler ["http-nio-8080"]
2022-11-18 12:29:43 [Thread-9] INFO  : Stopping service [Tomcat]
2022-11-18 12:29:43 [Thread-9] INFO  : Stopping ProtocolHandler ["http-nio-8080"]
2022-11-18 12:29:43 [DiscoveryClient-InstanceInfoReplicator-0] INFO  : DiscoveryClient_ORDER-SERVICE/192.168.29.38:order-service:8080 - registration status: 204
2022-11-18 12:29:43 [Thread-9] INFO  : Destroying ProtocolHandler ["http-nio-8080"]
2022-11-18 12:29:43 [Thread-9] INFO  : Closing JPA EntityManagerFactory for persistence unit 'default'
2022-11-18 12:29:43 [Thread-9] INFO  : HikariPool-2 - Shutdown initiated...
2022-11-18 12:29:43 [Thread-9] INFO  : HikariPool-2 - Shutdown completed.
2022-11-18 12:29:43 [Thread-9] INFO  : Shutting down DiscoveryClient ...
2022-11-18 12:29:46 [Thread-9] INFO  : Unregistering ...
2022-11-18 12:29:46 [Thread-9] INFO  : DiscoveryClient_ORDER-SERVICE/192.168.29.38:order-service:8080 - deregister  status: 200
2022-11-18 12:29:46 [Thread-9] INFO  : Completed shut down of DiscoveryClient
2022-11-18 12:29:46 [restartedMain] INFO  : Starting OrderServiceApplication using Java 17.0.5 on PRASHANTs-MacBook-Air.local with PID 3696 (/Users/prashant/Downloads/microservice/order-service/target/classes started by prashant in /Users/prashant/Downloads/microservice/order-service)
2022-11-18 12:29:46 [restartedMain] INFO  : No active profile set, falling back to 1 default profile: "default"
2022-11-18 12:29:46 [restartedMain] INFO  : Fetching config from server at : http://localhost:9098
2022-11-18 12:29:46 [restartedMain] INFO  : Located environment: name=order-service, profiles=[default], label=null, version=03876a21e19a23a27f37695664c63a4cd584b9f1, state=null
2022-11-18 12:29:46 [restartedMain] INFO  : Bootstrapping Spring Data JPA repositories in DEFAULT mode.
2022-11-18 12:29:46 [restartedMain] INFO  : Finished Spring Data repository scanning in 2 ms. Found 1 JPA repository interfaces.
2022-11-18 12:29:46 [restartedMain] INFO  : BeanFactory id=ba05fa8f-a3da-3d95-88c0-2e9f7fc7f000
2022-11-18 12:29:46 [restartedMain] INFO  : Tomcat initialized with port(s): 8080 (http)
2022-11-18 12:29:46 [restartedMain] INFO  : Initializing ProtocolHandler ["http-nio-8080"]
2022-11-18 12:29:46 [restartedMain] INFO  : Starting service [Tomcat]
2022-11-18 12:29:46 [restartedMain] INFO  : Starting Servlet engine: [Apache Tomcat/9.0.68]
2022-11-18 12:29:46 [restartedMain] INFO  : Initializing Spring embedded WebApplicationContext
2022-11-18 12:29:46 [restartedMain] INFO  : Root WebApplicationContext: initialization completed in 112 ms
2022-11-18 12:29:46 [restartedMain] INFO  : HHH000204: Processing PersistenceUnitInfo [name: default]
2022-11-18 12:29:46 [restartedMain] INFO  : HikariPool-3 - Starting...
2022-11-18 12:29:46 [restartedMain] INFO  : HikariPool-3 - Start completed.
2022-11-18 12:29:46 [restartedMain] INFO  : HHH000400: Using dialect: org.hibernate.dialect.MySQL5InnoDBDialect
2022-11-18 12:29:46 [restartedMain] INFO  : HHH000490: Using JtaPlatform implementation: [org.hibernate.engine.transaction.jta.platform.internal.NoJtaPlatform]
2022-11-18 12:29:46 [restartedMain] INFO  : Initialized JPA EntityManagerFactory for persistence unit 'default'
2022-11-18 12:29:46 [restartedMain] WARN  : spring.jpa.open-in-view is enabled by default. Therefore, database queries may be performed during view rendering. Explicitly configure spring.jpa.open-in-view to disable this warning
2022-11-18 12:29:46 [restartedMain] INFO  : LiveReload server is running on port 35729
2022-11-18 12:29:46 [restartedMain] INFO  : Eureka HTTP Client uses RestTemplate.
2022-11-18 12:29:46 [restartedMain] WARN  : Spring Cloud LoadBalancer is currently working with the default cache. While this cache implementation is useful for development and tests, it's recommended to use Caffeine cache in production.You can switch to using Caffeine cache, by adding it and org.springframework.cache.caffeine.CaffeineCacheManager to the classpath.
2022-11-18 12:29:46 [restartedMain] INFO  : Setting initial instance status as: STARTING
2022-11-18 12:29:46 [restartedMain] INFO  : Initializing Eureka in region us-east-1
2022-11-18 12:29:46 [restartedMain] INFO  : Resolving eureka endpoints via configuration
2022-11-18 12:29:46 [restartedMain] INFO  : Disable delta property : false
2022-11-18 12:29:46 [restartedMain] INFO  : Single vip registry refresh property : null
2022-11-18 12:29:46 [restartedMain] INFO  : Force full registry fetch : false
2022-11-18 12:29:46 [restartedMain] INFO  : Application is null : false
2022-11-18 12:29:46 [restartedMain] INFO  : Registered Applications size is zero : true
2022-11-18 12:29:46 [restartedMain] INFO  : Application version is -1: true
2022-11-18 12:29:46 [restartedMain] INFO  : Getting all instance registry info from the eureka server
2022-11-18 12:29:46 [restartedMain] INFO  : The response status is 200
2022-11-18 12:29:46 [restartedMain] INFO  : Starting heartbeat executor: renew interval is: 30
2022-11-18 12:29:46 [restartedMain] INFO  : InstanceInfoReplicator onDemand update allowed rate per min is 4
2022-11-18 12:29:46 [restartedMain] INFO  : Discovery Client initialized at timestamp 1668754786929 with initial instances count: 4
2022-11-18 12:29:46 [restartedMain] INFO  : Registering application ORDER-SERVICE with eureka with status UP
2022-11-18 12:29:46 [restartedMain] INFO  : Saw local status change event StatusChangeEvent [timestamp=1668754786930, current=UP, previous=STARTING]
2022-11-18 12:29:46 [DiscoveryClient-InstanceInfoReplicator-0] INFO  : DiscoveryClient_ORDER-SERVICE/192.168.29.38:order-service:8080: registering service...
2022-11-18 12:29:46 [restartedMain] INFO  : Starting ProtocolHandler ["http-nio-8080"]
2022-11-18 12:29:46 [restartedMain] INFO  : Tomcat started on port(s): 8080 (http) with context path ''
2022-11-18 12:29:46 [restartedMain] INFO  : Updating port to 8080
2022-11-18 12:29:46 [restartedMain] INFO  : Started OrderServiceApplication in 0.68 seconds (JVM running for 70.73)
2022-11-18 12:29:46 [restartedMain] INFO  : Condition evaluation unchanged
2022-11-18 12:29:46 [DiscoveryClient-InstanceInfoReplicator-0] INFO  : DiscoveryClient_ORDER-SERVICE/192.168.29.38:order-service:8080 - registration status: 204
2022-11-18 12:30:32 [SpringApplicationShutdownHook] INFO  : Unregistering application ORDER-SERVICE with eureka with status DOWN
2022-11-18 12:30:32 [SpringApplicationShutdownHook] INFO  : Saw local status change event StatusChangeEvent [timestamp=1668754832493, current=DOWN, previous=UP]
2022-11-18 12:30:32 [DiscoveryClient-InstanceInfoReplicator-0] INFO  : DiscoveryClient_ORDER-SERVICE/192.168.29.38:order-service:8080: registering service...
2022-11-18 12:30:32 [DiscoveryClient-InstanceInfoReplicator-0] INFO  : DiscoveryClient_ORDER-SERVICE/192.168.29.38:order-service:8080 - registration status: 204
2022-11-18 12:30:32 [SpringApplicationShutdownHook] INFO  : Closing JPA EntityManagerFactory for persistence unit 'default'
2022-11-18 12:30:32 [SpringApplicationShutdownHook] INFO  : HikariPool-3 - Shutdown initiated...
2022-11-18 12:30:32 [SpringApplicationShutdownHook] INFO  : HikariPool-3 - Shutdown completed.
2022-11-18 12:30:32 [SpringApplicationShutdownHook] INFO  : Shutting down DiscoveryClient ...
2022-11-18 12:30:35 [SpringApplicationShutdownHook] INFO  : Unregistering ...
2022-11-18 12:30:35 [SpringApplicationShutdownHook] INFO  : DiscoveryClient_ORDER-SERVICE/192.168.29.38:order-service:8080 - deregister  status: 200
2022-11-18 12:30:35 [SpringApplicationShutdownHook] INFO  : Completed shut down of DiscoveryClient
2022-11-18 12:30:38 [restartedMain] INFO  : Starting OrderServiceApplication using Java 17.0.5 on PRASHANTs-MacBook-Air.local with PID 3758 (/Users/prashant/Downloads/microservice/order-service/target/classes started by prashant in /Users/prashant/Downloads/microservice/order-service)
2022-11-18 12:30:38 [restartedMain] INFO  : No active profile set, falling back to 1 default profile: "default"
2022-11-18 12:30:38 [restartedMain] INFO  : Fetching config from server at : http://localhost:9098
2022-11-18 12:30:38 [restartedMain] INFO  : Located environment: name=order-service, profiles=[default], label=null, version=03876a21e19a23a27f37695664c63a4cd584b9f1, state=null
2022-11-18 12:30:38 [restartedMain] INFO  : Devtools property defaults active! Set 'spring.devtools.add-properties' to 'false' to disable
2022-11-18 12:30:38 [restartedMain] INFO  : For additional web related logging consider setting the 'logging.level.web' property to 'DEBUG'
2022-11-18 12:30:38 [restartedMain] INFO  : Bootstrapping Spring Data JPA repositories in DEFAULT mode.
2022-11-18 12:30:38 [restartedMain] INFO  : Finished Spring Data repository scanning in 58 ms. Found 1 JPA repository interfaces.
2022-11-18 12:30:38 [restartedMain] INFO  : BeanFactory id=ba05fa8f-a3da-3d95-88c0-2e9f7fc7f000
2022-11-18 12:30:38 [restartedMain] INFO  : Tomcat initialized with port(s): 8080 (http)
2022-11-18 12:30:38 [restartedMain] INFO  : Initializing ProtocolHandler ["http-nio-8080"]
2022-11-18 12:30:38 [restartedMain] INFO  : Starting service [Tomcat]
2022-11-18 12:30:38 [restartedMain] INFO  : Starting Servlet engine: [Apache Tomcat/9.0.68]
2022-11-18 12:30:38 [restartedMain] INFO  : Initializing Spring embedded WebApplicationContext
2022-11-18 12:30:38 [restartedMain] INFO  : Root WebApplicationContext: initialization completed in 831 ms
2022-11-18 12:30:38 [restartedMain] INFO  : HHH000204: Processing PersistenceUnitInfo [name: default]
2022-11-18 12:30:39 [restartedMain] INFO  : HHH000412: Hibernate ORM core version 5.6.12.Final
2022-11-18 12:30:39 [restartedMain] INFO  : HCANN000001: Hibernate Commons Annotations {5.1.2.Final}
2022-11-18 12:30:39 [restartedMain] INFO  : HikariPool-1 - Starting...
2022-11-18 12:30:39 [restartedMain] INFO  : HikariPool-1 - Start completed.
2022-11-18 12:30:39 [restartedMain] INFO  : HHH000400: Using dialect: org.hibernate.dialect.MySQL5InnoDBDialect
2022-11-18 12:30:39 [restartedMain] INFO  : HHH000490: Using JtaPlatform implementation: [org.hibernate.engine.transaction.jta.platform.internal.NoJtaPlatform]
2022-11-18 12:30:39 [restartedMain] INFO  : Initialized JPA EntityManagerFactory for persistence unit 'default'
2022-11-18 12:30:39 [restartedMain] WARN  : spring.jpa.open-in-view is enabled by default. Therefore, database queries may be performed during view rendering. Explicitly configure spring.jpa.open-in-view to disable this warning
2022-11-18 12:30:39 [restartedMain] INFO  : LiveReload server is running on port 35729
2022-11-18 12:30:39 [restartedMain] INFO  : Eureka HTTP Client uses RestTemplate.
2022-11-18 12:30:39 [restartedMain] WARN  : Spring Cloud LoadBalancer is currently working with the default cache. While this cache implementation is useful for development and tests, it's recommended to use Caffeine cache in production.You can switch to using Caffeine cache, by adding it and org.springframework.cache.caffeine.CaffeineCacheManager to the classpath.
2022-11-18 12:30:39 [restartedMain] INFO  : Setting initial instance status as: STARTING
2022-11-18 12:30:39 [restartedMain] INFO  : Initializing Eureka in region us-east-1
2022-11-18 12:30:39 [restartedMain] INFO  : Resolving eureka endpoints via configuration
2022-11-18 12:30:39 [restartedMain] INFO  : Disable delta property : false
2022-11-18 12:30:39 [restartedMain] INFO  : Single vip registry refresh property : null
2022-11-18 12:30:39 [restartedMain] INFO  : Force full registry fetch : false
2022-11-18 12:30:39 [restartedMain] INFO  : Application is null : false
2022-11-18 12:30:39 [restartedMain] INFO  : Registered Applications size is zero : true
2022-11-18 12:30:39 [restartedMain] INFO  : Application version is -1: true
2022-11-18 12:30:39 [restartedMain] INFO  : Getting all instance registry info from the eureka server
2022-11-18 12:30:40 [restartedMain] INFO  : The response status is 200
2022-11-18 12:30:40 [restartedMain] INFO  : Starting heartbeat executor: renew interval is: 30
2022-11-18 12:30:40 [restartedMain] INFO  : InstanceInfoReplicator onDemand update allowed rate per min is 4
2022-11-18 12:30:40 [restartedMain] INFO  : Discovery Client initialized at timestamp 1668754840053 with initial instances count: 4
2022-11-18 12:30:40 [restartedMain] INFO  : Registering application ORDER-SERVICE with eureka with status UP
2022-11-18 12:30:40 [restartedMain] INFO  : Saw local status change event StatusChangeEvent [timestamp=1668754840055, current=UP, previous=STARTING]
2022-11-18 12:30:40 [DiscoveryClient-InstanceInfoReplicator-0] INFO  : DiscoveryClient_ORDER-SERVICE/192.168.29.38:order-service:8080: registering service...
2022-11-18 12:30:40 [restartedMain] INFO  : Starting ProtocolHandler ["http-nio-8080"]
2022-11-18 12:30:40 [restartedMain] INFO  : Tomcat started on port(s): 8080 (http) with context path ''
2022-11-18 12:30:40 [restartedMain] INFO  : Updating port to 8080
2022-11-18 12:30:40 [DiscoveryClient-InstanceInfoReplicator-0] INFO  : DiscoveryClient_ORDER-SERVICE/192.168.29.38:order-service:8080 - registration status: 204
2022-11-18 12:30:40 [restartedMain] INFO  : Started OrderServiceApplication in 3.25 seconds (JVM running for 3.566)
2022-11-18 12:32:30 [SpringApplicationShutdownHook] INFO  : Unregistering application ORDER-SERVICE with eureka with status DOWN
2022-11-18 12:32:30 [SpringApplicationShutdownHook] INFO  : Saw local status change event StatusChangeEvent [timestamp=1668754950355, current=DOWN, previous=UP]
2022-11-18 12:32:30 [DiscoveryClient-InstanceInfoReplicator-0] INFO  : DiscoveryClient_ORDER-SERVICE/192.168.29.38:order-service:8080: registering service...
2022-11-18 12:32:30 [DiscoveryClient-InstanceInfoReplicator-0] INFO  : DiscoveryClient_ORDER-SERVICE/192.168.29.38:order-service:8080 - registration status: 204
2022-11-18 12:32:30 [SpringApplicationShutdownHook] INFO  : Closing JPA EntityManagerFactory for persistence unit 'default'
2022-11-18 12:32:30 [SpringApplicationShutdownHook] INFO  : HikariPool-1 - Shutdown initiated...
2022-11-18 12:32:30 [SpringApplicationShutdownHook] INFO  : HikariPool-1 - Shutdown completed.
2022-11-18 12:32:30 [SpringApplicationShutdownHook] INFO  : Shutting down DiscoveryClient ...
2022-11-18 12:32:33 [SpringApplicationShutdownHook] INFO  : Unregistering ...
2022-11-18 12:32:33 [SpringApplicationShutdownHook] INFO  : DiscoveryClient_ORDER-SERVICE/192.168.29.38:order-service:8080 - deregister  status: 200
2022-11-18 12:32:33 [SpringApplicationShutdownHook] INFO  : Completed shut down of DiscoveryClient
